14:57:2 GET /
14:57:8 GET /home
14:57:12 GET /
14:59:29 GET /
15:1:47 GET /
15:2:23 GET /
15:2:24 GET /
15:4:2 GET /
15:6:11 GET /
15:8:18 GET /
15:8:19 GET /
15:8:19 GET /
15:8:23 GET /
15:8:23 GET /
15:8:24 GET /
15:8:29 GET /home
15:9:9 GET /home
15:9:41 GET /home
15:9:55 GET /home
15:11:35 GET /home
15:11:36 GET /home
15:11:42 GET /home
15:11:43 GET /home
15:14:41 GET /home
15:14:43 GET /home
16:3:47 GET /home
16:3:53 GET /user
16:3:59 GET /bsx
16:5:16 GET /bsx
16:5:16 GET /bsx
16:5:47 GET /bsx
16:5:48 GET /bsx
16:6:19 GET /bsx
16:6:19 GET /bsx
16:7:9 GET /bsx
16:7:21 GET /bsx
16:7:21 GET /bsx
16:7:38 GET /bsx
16:25:00 GET /bsx
16:25:27 GET /bsx
16:25:35 GET /bsx
16:25:52 GET /bsx
16:25:56 GET /bsx
16:25:58 GET /bsx
16:26:01 GET /bsx
16:26:02 GET /bsx
16:26:02 GET /bsx
16:26:06 GET /bsx
16:42:53 GET /bsx
16:42:54 GET /bsx
22:27:18 GET /
22:27:19 GET /favicon.ico
20:01:23 GET /
20:01:23 GET /favicon.ico
20:01:30 GET /home
20:01:32 GET /home
20:13:05 GET /home
20:13:06 GET /home
20:13:06 GET /home
20:13:06 GET /home
20:13:51 GET /home
20:13:51 GET /home
20:13:52 GET /home
20:13:52 GET /home
20:13:52 GET /home
20:23:09 GET /home
20:23:09 GET /home
20:23:09 GET /home
20:34:29 GET /home
20:34:30 GET /home
20:34:30 GET /home
20:37:14 GET /home
20:37:15 GET /home
20:37:16 GET /home
20:38:06 GET /home
20:38:06 GET /home
20:38:07 GET /home
20:38:07 GET /home
20:39:36 GET /home
20:39:36 GET /home
20:39:58 GET /home
20:39:58 GET /home
20:40:11 GET /home
20:41:07 GET /home
20:41:08 GET /home
20:41:08 GET /home
20:41:08 GET /home
20:47:59 GET /home
20:48:00 GET /home
20:49:18 GET /home
20:51:48 GET /home
20:54:30 GET /home
20:54:30 GET /home
20:54:30 GET /home
20:54:31 GET /home
20:54:34 GET /home
20:54:34 GET /home
20:54:34 GET /home
20:54:34 GET /home
20:54:35 GET /home
20:55:03 GET /home
20:55:04 GET /home
20:55:04 GET /home
20:55:04 GET /home
20:55:13 GET /home
09:49:41 GET /home
09:49:42 GET /home
09:49:43 GET /home
09:49:43 GET /home
09:49:43 GET /home
09:49:43 GET /home
09:49:44 GET /home
09:50:52 GET /home
09:51:05 GET /home
09:51:06 GET /home
09:51:07 GET /home
09:51:07 GET /home
09:51:07 GET /home
09:51:25 GET /home
09:51:27 GET /home
10:10:58 GET /home
10:12:25 GET /home
10:35:05 GET /home
10:35:38 GET /home
10:35:38 GET /favicon.ico
10:35:46 GET /home
